<?xml version="1.0" encoding="UTF-8"?>
<!-- Generated by org.testng.reporters.JUnitReportReporter -->
<testsuite hostname="DESKTOP-V8RD4AC" failures="0" tests="2" name="hashtag.tests.Joinuspositivetestcase" time="33.970" errors="0" timestamp="2023-07-18T09:38:25 IST" skipped="0">
  <testcase classname="hashtag.tests.Joinuspositivetestcase" name="positivetest" time="17.665"/>
  <testcase classname="hashtag.tests.Joinuspositivetestcase" name="negativetest" time="16.305"/>
</testsuite> <!-- hashtag.tests.Joinuspositivetestcase -->
